0 info it worked if it ends with ok
1 verbose cli [ '/usr/local/bin/node', '/usr/local/bin/npm', 'run', 'watch' ]
2 info using npm@3.10.10
3 info using node@v6.11.3
4 verbose run-script [ 'prewatch', 'watch', 'postwatch' ]
5 info lifecycle rplibs_yxf@1.0.0~prewatch: rplibs_yxf@1.0.0
6 silly lifecycle rplibs_yxf@1.0.0~prewatch: no script for prewatch, continuing
7 info lifecycle rplibs_yxf@1.0.0~watch: rplibs_yxf@1.0.0
8 verbose lifecycle rplibs_yxf@1.0.0~watch: unsafe-perm in lifecycle true
9 verbose lifecycle rplibs_yxf@1.0.0~watch: PATH: /usr/local/lib/node_modules/npm/bin/node-gyp-bin:/Users/yxf/projects/appDeveloper/axure/node_modules/.bin:/Users/yxf/cocos2d-x-3.16/templates:/Users/yxf:/Users/yxf/cocos2d-x-3.16/tools/cocos2d-console/bin:/usr/local/bin:/usr/bin:/bin:/usr/sbin:/sbin:/Users/yxf/cocos2d-x-3.16/templates:/Users/yxf:/Users/yxf/cocos2d-x-3.16/tools/cocos2d-console/bin:/usr/local/mysql/bin:/Users/yxf/Library/Android/sdk/tools:/Users/yxf/Library/Android/sdk/platform-tools:/usr/local/mysql/bin:/Users/yxf/Library/Android/sdk/tools:/Users/yxf/Library/Android/sdk/platform-tools
10 verbose lifecycle rplibs_yxf@1.0.0~watch: CWD: /Users/yxf/projects/appDeveloper/axure
11 silly lifecycle rplibs_yxf@1.0.0~watch: Args: [ '-c', 'rollup -w -c rollup.config.js' ]
12 silly lifecycle rplibs_yxf@1.0.0~watch: Returned: code: 1  signal: null
13 info lifecycle rplibs_yxf@1.0.0~watch: Failed to exec watch script
14 verbose stack Error: rplibs_yxf@1.0.0 watch: `rollup -w -c rollup.config.js`
14 verbose stack Exit status 1
14 verbose stack     at EventEmitter.<anonymous> (/usr/local/lib/node_modules/npm/lib/utils/lifecycle.js:255:16)
14 verbose stack     at emitTwo (events.js:106:13)
14 verbose stack     at EventEmitter.emit (events.js:191:7)
14 verbose stack     at ChildProcess.<anonymous> (/usr/local/lib/node_modules/npm/lib/utils/spawn.js:40:14)
14 verbose stack     at emitTwo (events.js:106:13)
14 verbose stack     at ChildProcess.emit (events.js:191:7)
14 verbose stack     at maybeClose (internal/child_process.js:920:16)
14 verbose stack     at Process.ChildProcess._handle.onexit (internal/child_process.js:230:5)
15 verbose pkgid rplibs_yxf@1.0.0
16 verbose cwd /Users/yxf/projects/appDeveloper/axure
17 error Darwin 16.7.0
18 error argv "/usr/local/bin/node" "/usr/local/bin/npm" "run" "watch"
19 error node v6.11.3
20 error npm  v3.10.10
21 error code ELIFECYCLE
22 error rplibs_yxf@1.0.0 watch: `rollup -w -c rollup.config.js`
22 error Exit status 1
23 error Failed at the rplibs_yxf@1.0.0 watch script 'rollup -w -c rollup.config.js'.
23 error Make sure you have the latest version of node.js and npm installed.
23 error If you do, this is most likely a problem with the rplibs_yxf package,
23 error not with npm itself.
23 error Tell the author that this fails on your system:
23 error     rollup -w -c rollup.config.js
23 error You can get information on how to open an issue for this project with:
23 error     npm bugs rplibs_yxf
23 error Or if that isn't available, you can get their info via:
23 error     npm owner ls rplibs_yxf
23 error There is likely additional logging output above.
24 verbose exit [ 1, true ]
